[debug] [2023-11-06T11:09:53.567Z] : 
[debug] [2023-11-06T11:09:53.569Z] : ----------------------------------------------------------------------
[debug] [2023-11-06T11:09:53.569Z] : Command:      /usr/bin/node /usr/bin/catalyst serve
[debug] [2023-11-06T11:09:53.570Z] : CLI Version:  1.16.1
[debug] [2023-11-06T11:09:53.570Z] : Platform:     linux
[debug] [2023-11-06T11:09:53.571Z] : Node Version: v16.20.2
[debug] [2023-11-06T11:09:53.582Z] : Time:         Mon Nov 06 2023 16:39:53 GMT+0530 (India Standard Time)
[debug] [2023-11-06T11:09:53.583Z] : ----------------------------------------------------------------------
[debug] [2023-11-06T11:09:53.583Z] : 
[debug] [2023-11-06T11:09:54.457Z] : > authorizing via signed-in user option
[debug] [2023-11-06T11:09:54.458Z] : > command requires scopes: ["ZohoCatalyst.projects.ALL","ZohoCatalyst.functions.ALL","ZohoCatalyst.functions.EXECUTE","ZohoCatalyst.webapp.ALL","ZohoCatalyst.pdfshot.execute"]
[debug] [2023-11-06T11:09:54.474Z] : >>>> HTTP REQUEST : GET https://api.catalyst.zoho.in/baas/v1/project/5261000000007197 

[debug] [2023-11-06T11:09:54.750Z] : <<<< HTTP RESPONSE : 200
Response Headers: {"server":"ZGS","date":"Mon, 06 Nov 2023 11:09:54 GMT","content-type":"application/vnd.catalyst.v2+json","transfer-encoding":"chunked","connection":"close","set-cookie":["3a750b85f1=7c58023b2365c117e2ff9b6feb09efa2; Path=/","ZD_CSRF_TOKEN=488a6ccd-317b-447d-aa2f-b6d2a244625e;path=/;SameSite=None;Secure;priority=high","_zcsr_tmp=488a6ccd-317b-447d-aa2f-b6d2a244625e;path=/;SameSite=Strict;Secure;priority=high"],"x-content-type-options":"nosniff","x-xss-protection":"1","cache-control":"private,no-cache,no-store,max-age=0,must-revalidate","pragma":"no-cache","expires":"Thu, 01 Jan 1970 00:00:00 GMT","x-frame-options":"DENY","strict-transport-security":"max-age=63072000"}

[debug] [2023-11-06T11:09:54.756Z] : >>>> HTTP REQUEST : GET https://api.catalyst.zoho.in/baas/v1/project/5261000000007197/environment 

[debug] [2023-11-06T11:09:54.917Z] : <<<< HTTP RESPONSE : 200
Response Headers: {"server":"ZGS","date":"Mon, 06 Nov 2023 11:09:54 GMT","content-type":"application/vnd.catalyst.v2+json","transfer-encoding":"chunked","connection":"close","set-cookie":["3a750b85f1=99131cfabfda186b4fe68a16fb8fedd6; Path=/","ZD_CSRF_TOKEN=06124d6c-248a-4bec-9c66-8b33c9fd6e66;path=/;SameSite=None;Secure;priority=high","_zcsr_tmp=06124d6c-248a-4bec-9c66-8b33c9fd6e66;path=/;SameSite=Strict;Secure;priority=high"],"x-content-type-options":"nosniff","x-xss-protection":"1","cache-control":"private,no-cache,no-store,max-age=0,must-revalidate","pragma":"no-cache","expires":"Thu, 01 Jan 1970 00:00:00 GMT","x-frame-options":"DENY","strict-transport-security":"max-age=63072000"}

[debug] [2023-11-06T11:09:55.215Z] : >>>> HTTP REQUEST : GET https://api.catalyst.zoho.in/baas/v1/project/5261000000007197/function 
Query params: {"type":"basicio,event,cron,applogic,integration,browser_logic"}

[debug] [2023-11-06T11:09:55.222Z] : http port : '3000' is not available. Hence port '3001' will be used instead.
[debug] [2023-11-06T11:09:55.372Z] : <<<< HTTP RESPONSE : 200
Response Headers: {"server":"ZGS","date":"Mon, 06 Nov 2023 11:09:55 GMT","content-type":"application/vnd.catalyst.v2+json","transfer-encoding":"chunked","connection":"close","set-cookie":["3a750b85f1=99131cfabfda186b4fe68a16fb8fedd6; Path=/","ZD_CSRF_TOKEN=7abf34bd-93a2-4166-b686-974583ba2682;path=/;SameSite=None;Secure;priority=high","_zcsr_tmp=7abf34bd-93a2-4166-b686-974583ba2682;path=/;SameSite=Strict;Secure;priority=high"],"x-content-type-options":"nosniff","x-xss-protection":"1","cache-control":"private,no-cache,no-store,max-age=0,must-revalidate","pragma":"no-cache","expires":"Thu, 01 Jan 1970 00:00:00 GMT","x-frame-options":"DENY","strict-transport-security":"max-age=63072000"}

[debug] [2023-11-06T11:09:55.385Z] : unknown eol undefined hence skipping check
[info] [2023-11-06T11:09:56.085Z] : 
[info] [2023-11-06T11:09:56.085Z] : Executing AppSail [PRESERVE] [AppSail] script in /home/admin1/projects/catalyst-mean-app/appsail-nodejs
[debug] [2023-11-06T11:09:56.086Z] : Executing command > npm install
[info] [2023-11-06T11:09:56.086Z] : > npm install
[info] [2023-11-06T11:09:58.521Z] : 
[info] [2023-11-06T11:09:58.521Z] :  >>>>>>>>>>>>> AdvancedIO <<<<<<<<<<<< 
[info] [2023-11-06T11:09:58.522Z] : ℹ users: http://localhost:3000/server/users/
[info] [2023-11-06T11:09:58.522Z] : 
[info] [2023-11-06T11:09:58.523Z] : 
[info] [2023-11-06T11:09:58.523Z] :  >>>>>>>>>>>>>> AppSail <<<<<<<<<<<<<< 
[info] [2023-11-06T11:09:58.523Z] : ℹ AppSail: http://localhost:3001
[info] [2023-11-06T11:09:58.523Z] : 
[debug] [2023-11-06T11:10:15.844Z] : >>>> HTTP REQUEST : GET https://catalyst-mean-app-60024458376.development.catalystserverless.in/baas/v1/project/5261000000007197/project-user/current 

[debug] [2023-11-06T11:10:16.290Z] : <<<< HTTP RESPONSE : 401
Response Headers: {"server":"ZGS","date":"Mon, 06 Nov 2023 11:10:16 GMT","content-type":"application/json;charset=ISO-8859-1","content-length":"90","connection":"close","set-cookie":["3a750b85f1=99131cfabfda186b4fe68a16fb8fedd6; Path=/","ZD_CSRF_TOKEN=f3d6d603-7935-42e5-a979-a54355775bfe;path=/;SameSite=None;Secure;priority=high","_zcsr_tmp=f3d6d603-7935-42e5-a979-a54355775bfe;path=/;SameSite=Strict;Secure;priority=high","JSESSIONID=73C7949642D09A068E0F255485808CC6; Path=/; Secure; HttpOnly"],"x-content-type-options":"nosniff","x-xss-protection":"1","cache-control":"private,no-cache,no-store,max-age=0,must-revalidate","pragma":"no-cache","expires":"Thu, 01 Jan 1970 00:00:00 GMT","x-frame-options":"DENY"}

[debug] [2023-11-06T11:10:16.291Z] : Response Body : {"status":"failure","data":{"error_code":"INVALID_TOKEN","message":"invalid oauth token"}}

[debug] [2023-11-06T11:10:17.237Z] : >>>> HTTP REQUEST : GET https://catalyst-mean-app-60024458376.development.catalystserverless.in/baas/v1/project/5261000000007197/project-user/current 

[debug] [2023-11-06T11:10:17.403Z] : <<<< HTTP RESPONSE : 401
Response Headers: {"server":"ZGS","date":"Mon, 06 Nov 2023 11:10:17 GMT","content-type":"application/json;charset=ISO-8859-1","content-length":"90","connection":"close","set-cookie":["3a750b85f1=99131cfabfda186b4fe68a16fb8fedd6; Path=/","ZD_CSRF_TOKEN=9b20fd4f-8b6f-4fc2-8ebe-83100ff12d8a;path=/;SameSite=None;Secure;priority=high","_zcsr_tmp=9b20fd4f-8b6f-4fc2-8ebe-83100ff12d8a;path=/;SameSite=Strict;Secure;priority=high","JSESSIONID=75C6BE6D781C09EF7777D8DF234F7457; Path=/; Secure; HttpOnly"],"x-content-type-options":"nosniff","x-xss-protection":"1","cache-control":"private,no-cache,no-store,max-age=0,must-revalidate","pragma":"no-cache","expires":"Thu, 01 Jan 1970 00:00:00 GMT","x-frame-options":"DENY"}

[debug] [2023-11-06T11:10:17.407Z] : Response Body : {"status":"failure","data":{"error_code":"INVALID_TOKEN","message":"invalid oauth token"}}

[debug] [2023-11-06T11:10:59.893Z] : >>>> HTTP REQUEST : GET https://catalyst-mean-app-60024458376.development.catalystserverless.in/baas/v1/project/5261000000007197/project-user/current 

[debug] [2023-11-06T11:11:00.216Z] : <<<< HTTP RESPONSE : 401
Response Headers: {"server":"ZGS","date":"Mon, 06 Nov 2023 11:11:00 GMT","content-type":"application/json;charset=ISO-8859-1","content-length":"90","connection":"close","set-cookie":["3a750b85f1=7c58023b2365c117e2ff9b6feb09efa2; Path=/","ZD_CSRF_TOKEN=068d93ba-9e47-442d-bb17-de08c3b29757;path=/;SameSite=None;Secure;priority=high","_zcsr_tmp=068d93ba-9e47-442d-bb17-de08c3b29757;path=/;SameSite=Strict;Secure;priority=high","JSESSIONID=05C40D4D9282D459EBB0B12E052635CC; Path=/; Secure; HttpOnly"],"x-content-type-options":"nosniff","x-xss-protection":"1","cache-control":"private,no-cache,no-store,max-age=0,must-revalidate","pragma":"no-cache","expires":"Thu, 01 Jan 1970 00:00:00 GMT","x-frame-options":"DENY"}

[debug] [2023-11-06T11:11:00.219Z] : Response Body : {"status":"failure","data":{"error_code":"INVALID_TOKEN","message":"invalid oauth token"}}

[debug] [2023-11-06T11:11:18.587Z] : >>>> HTTP REQUEST : GET https://catalyst-mean-app-60024458376.development.catalystserverless.in/baas/v1/project/5261000000007197/project-user/current 

[debug] [2023-11-06T11:11:18.846Z] : <<<< HTTP RESPONSE : 401
Response Headers: {"server":"ZGS","date":"Mon, 06 Nov 2023 11:11:18 GMT","content-type":"application/json;charset=ISO-8859-1","content-length":"90","connection":"close","set-cookie":["3a750b85f1=7c58023b2365c117e2ff9b6feb09efa2; Path=/","ZD_CSRF_TOKEN=f20d6078-bb6e-4417-9d2f-ee521f525e3f;path=/;SameSite=None;Secure;priority=high","_zcsr_tmp=f20d6078-bb6e-4417-9d2f-ee521f525e3f;path=/;SameSite=Strict;Secure;priority=high","JSESSIONID=D541C8DB5F9CE351F78A0CDC96FE5051; Path=/; Secure; HttpOnly"],"x-content-type-options":"nosniff","x-xss-protection":"1","cache-control":"private,no-cache,no-store,max-age=0,must-revalidate","pragma":"no-cache","expires":"Thu, 01 Jan 1970 00:00:00 GMT","x-frame-options":"DENY"}

[debug] [2023-11-06T11:11:18.849Z] : Response Body : {"status":"failure","data":{"error_code":"INVALID_TOKEN","message":"invalid oauth token"}}

[debug] [2023-11-06T11:11:19.130Z] : >>>> HTTP REQUEST : GET https://catalyst-mean-app-60024458376.development.catalystserverless.in/baas/v1/project/5261000000007197/project-user/current 

[debug] [2023-11-06T11:11:19.260Z] : <<<< HTTP RESPONSE : 401
Response Headers: {"server":"ZGS","date":"Mon, 06 Nov 2023 11:11:19 GMT","content-type":"application/json;charset=ISO-8859-1","content-length":"90","connection":"close","set-cookie":["3a750b85f1=99131cfabfda186b4fe68a16fb8fedd6; Path=/","ZD_CSRF_TOKEN=44096c07-8c33-45a7-bcb3-75c1e5f8d863;path=/;SameSite=None;Secure;priority=high","_zcsr_tmp=44096c07-8c33-45a7-bcb3-75c1e5f8d863;path=/;SameSite=Strict;Secure;priority=high","JSESSIONID=0ED21BB263C151ADFDF5998AE8D0BFD4; Path=/; Secure; HttpOnly"],"x-content-type-options":"nosniff","x-xss-protection":"1","cache-control":"private,no-cache,no-store,max-age=0,must-revalidate","pragma":"no-cache","expires":"Thu, 01 Jan 1970 00:00:00 GMT","x-frame-options":"DENY"}

[debug] [2023-11-06T11:11:19.262Z] : Response Body : {"status":"failure","data":{"error_code":"INVALID_TOKEN","message":"invalid oauth token"}}

[debug] [2023-11-06T11:13:08.254Z] : >>>> HTTP REQUEST : GET https://catalyst-mean-app-60024458376.development.catalystserverless.in/baas/v1/project/5261000000007197/project-user/current 

[debug] [2023-11-06T11:13:08.677Z] : <<<< HTTP RESPONSE : 401
Response Headers: {"server":"ZGS","date":"Mon, 06 Nov 2023 11:13:08 GMT","content-type":"application/json;charset=ISO-8859-1","content-length":"90","connection":"close","set-cookie":["3a750b85f1=99131cfabfda186b4fe68a16fb8fedd6; Path=/","ZD_CSRF_TOKEN=7550f65f-0d18-464d-b3a7-600a6019c7b3;path=/;SameSite=None;Secure;priority=high","_zcsr_tmp=7550f65f-0d18-464d-b3a7-600a6019c7b3;path=/;SameSite=Strict;Secure;priority=high","JSESSIONID=A357ED315740CF525A548E6BC90AF6BD; Path=/; Secure; HttpOnly"],"x-content-type-options":"nosniff","x-xss-protection":"1","cache-control":"private,no-cache,no-store,max-age=0,must-revalidate","pragma":"no-cache","expires":"Thu, 01 Jan 1970 00:00:00 GMT","x-frame-options":"DENY"}

[debug] [2023-11-06T11:13:08.681Z] : Response Body : {"status":"failure","data":{"error_code":"INVALID_TOKEN","message":"invalid oauth token"}}

[debug] [2023-11-06T11:13:09.148Z] : >>>> HTTP REQUEST : GET https://catalyst-mean-app-60024458376.development.catalystserverless.in/baas/v1/project/5261000000007197/project-user/current 

[debug] [2023-11-06T11:13:09.260Z] : <<<< HTTP RESPONSE : 401
Response Headers: {"server":"ZGS","date":"Mon, 06 Nov 2023 11:13:09 GMT","content-type":"application/json;charset=ISO-8859-1","content-length":"90","connection":"close","set-cookie":["3a750b85f1=99131cfabfda186b4fe68a16fb8fedd6; Path=/","ZD_CSRF_TOKEN=d5baf00f-7f5f-4469-bafe-d3c481d713d2;path=/;SameSite=None;Secure;priority=high","_zcsr_tmp=d5baf00f-7f5f-4469-bafe-d3c481d713d2;path=/;SameSite=Strict;Secure;priority=high","JSESSIONID=B590070A4DCA6BA66CB05BCA1FD86D73; Path=/; Secure; HttpOnly"],"x-content-type-options":"nosniff","x-xss-protection":"1","cache-control":"private,no-cache,no-store,max-age=0,must-revalidate","pragma":"no-cache","expires":"Thu, 01 Jan 1970 00:00:00 GMT","x-frame-options":"DENY"}

[debug] [2023-11-06T11:13:09.262Z] : Response Body : {"status":"failure","data":{"error_code":"INVALID_TOKEN","message":"invalid oauth token"}}

